Solid Edge Translation to STL
Date: sobota,február 04,2023 11:47AM
Source File:D:\Bakalarka\secured-vehicle-monitoring\Case\base_v2.par
Source System: SOLID EDGE

Hardware:
Processor: Intel(R) Xeon(R) CPU E3-1231 v3 @ 3.40GHz
Operating System: Windows 10 Professional
Installed Memory: 17,95 GB

Software Information:
Parasolid Version: 35.0.149
PSBodyshop Version: 35.0.82
Solid Edge Version: 223.00.00.101 x64

STL Export Options:
Output File Format:BINARY
Export Displayed Parts:Off
structureOption: Monolithic
Export Units:Millimeter
Export Tolerance Value:0,050000
Export Tolerance Type:Custom
Export Surface Plane Angle Value:0,270526

Translation progress:
Phase 1 of 2 Fetching Parasolid information...
Number of STL file Created : 1
Translation process completed
Time required to translate:00 : 00 : 00
